============================= test session starts ==============================
platform linux -- Python 3.12.3, pytest-9.1.1, pluggy-1.6.0 -- /mnt/c/Users/icart/OneDrive - Universidad Técnica Federico Santa María/RamosUSM/2026-02/Pruebas de SW/Tarea 1/sistema-prestamo-equipos/.venv/bin/python3
cachedir: .pytest_cache
rootdir: /mnt/c/users/icart/onedrive - universidad técnica federico santa maría/ramosusm/2026-02/pruebas de sw/tarea 1/sistema-prestamo-equipos
configfile: pyproject.toml
testpaths: tests
collecting ... collected 293 items

tests/borde/test_borde.py::test_CP06_RF07_limite_exacto_tres_equipos_activos_es_permitido PASSED [  0%]
tests/borde/test_borde.py::test_CP07_RF10_devolucion_exactamente_en_fecha_termino_no_genera_atraso PASSED [  0%]
tests/borde/test_borde.py::test_CP08_RF08_inicio_igual_a_termino_de_reserva_existente_rechaza_por_rn10 PASSED [  1%]
tests/borde/test_borde.py::test_CP09_RF06_fecha_inicio_igual_a_fecha_termino_habil_cuenta_un_dia PASSED [  1%]
tests/funcionales/test_cli_errores.py::test_cli_errores_sin_traceback[construir_parser-ErrorValidacion('Fecha invalida')-Error: Fecha invalida-False] PASSED [  1%]
tests/funcionales/test_cli_errores.py::test_cli_errores_sin_traceback[construir_parser-ErrorValidacion('Fecha invalida')-Error: Fecha invalida-True] PASSED [  2%]
tests/funcionales/test_cli_errores.py::test_cli_errores_sin_traceback[construir_parser-RuntimeError('detalle interno')-Error: No se pudo completar la operacion.-False] PASSED [  2%]
tests/funcionales/test_cli_errores.py::test_cli_errores_sin_traceback[construir_parser-RuntimeError('detalle interno')-Error: No se pudo completar la operacion.-True] PASSED [  2%]
tests/funcionales/test_cli_errores.py::test_cli_errores_sin_traceback[cargar_env-OSError('detalle interno')-Error: No se pudo completar la operacion.-False] PASSED [  3%]
tests/funcionales/test_cli_errores.py::test_cli_errores_sin_traceback[cargar_env-OSError('detalle interno')-Error: No se pudo completar la operacion.-True] PASSED [  3%]
tests/funcionales/test_cli_errores.py::test_cli_errores_sin_traceback[configurar_logging-OSError('detalle interno')-Error: No se pudo completar la operacion.-False] PASSED [  3%]
tests/funcionales/test_cli_errores.py::test_cli_errores_sin_traceback[configurar_logging-OSError('detalle interno')-Error: No se pudo completar la operacion.-True] PASSED [  4%]
tests/funcionales/test_cli_errores.py::test_cli_errores_sin_traceback[inicializar_sentry-RuntimeError('detalle interno')-Error: No se pudo completar la operacion.-False] PASSED [  4%]
tests/funcionales/test_cli_errores.py::test_cli_errores_sin_traceback[inicializar_sentry-RuntimeError('detalle interno')-Error: No se pudo completar la operacion.-True] PASSED [  4%]
tests/funcionales/test_cli_errores.py::test_cli_fallo_real_logging_al_iniciar_y_reportar PASSED [  5%]
tests/funcionales/test_cli_errores.py::test_cli_conserva_salidas_normales[argumentos0-0] PASSED [  5%]
tests/funcionales/test_cli_errores.py::test_cli_conserva_salidas_normales[argumentos1-0] PASSED [  5%]
tests/funcionales/test_cli_errores.py::test_cli_conserva_salidas_normales[argumentos2-0] PASSED [  6%]
tests/funcionales/test_cli_errores.py::test_cli_conserva_salidas_normales[argumentos3-2] PASSED [  6%]
tests/funcionales/test_cli_menu.py::test_help_lista_subcomandos_y_no_expone_encargado_inicial PASSED [  6%]
tests/funcionales/test_cli_menu.py::test_sin_subcomando_abre_menu_interactivo PASSED [  7%]
tests/funcionales/test_cli_menu.py::test_menu_eof_durante_prompt_interno_sale_con_codigo_cero PASSED [  7%]
tests/funcionales/test_cli_menu.py::test_menu_keyboardinterrupt_sale_con_codigo_cero PASSED [  7%]
tests/funcionales/test_cli_menu.py::test_menu_oserror_durante_operacion_no_se_trata_como_salida_limpia PASSED [  8%]
tests/funcionales/test_cli_menu.py::test_menu_login_usa_getpass_por_defecto_para_contrasena PASSED [  8%]
tests/funcionales/test_cli_menu.py::test_menu_sin_subcomando_rechaza_credenciales_cli PASSED [  8%]
tests/funcionales/test_cli_menu.py::test_cli_subcomando_pide_contrasena_segura_si_falta PASSED [  9%]
tests/funcionales/test_cli_menu.py::test_menu_maneja_entradas_invalidas_sin_romper_sesion PASSED [  9%]
tests/funcionales/test_cli_menu.py::test_cli_devuelve_codigo_distinto_de_cero_ante_error_de_dominio PASSED [  9%]
tests/funcionales/test_cli_menu.py::test_cli_fecha_mal_formada_entrega_error_automatizable PASSED [ 10%]
tests/funcionales/test_cli_menu.py::test_punto_de_composicion_comparte_un_solo_servicio_auth PASSED [ 10%]
tests/funcionales/test_cli_menu.py::test_cli_prestamos_obtiene_usuario_fresco_desde_auth_en_cada_operacion PASSED [ 10%]
tests/funcionales/test_cli_menu.py::test_menu_prestamos_relee_usuario_y_rechaza_sesion_inactiva_rn02 PASSED [ 11%]
tests/funcionales/test_cli_menu.py::test_menu_prestamos_obtiene_usuario_fresco_en_cada_consulta PASSED [ 11%]
tests/funcionales/test_funcionales.py::test_CP01_RF02_login_valido_abre_sesion_sin_exponer_contrasena PASSED [ 11%]
tests/funcionales/test_funcionales.py::test_CP02_RF09_registrar_entrega_aprobada_persiste_prestamo_y_equipo PASSED [ 12%]
tests/funcionales/test_funcionales.py::test_CP03_RF10_registrar_devolucion_en_plazo_persiste_prestamo_y_equipo PASSED [ 12%]
tests/funcionales/test_funcionales.py::test_CP04_RF11_cancelar_aprobada_antes_de_entrega_persiste_y_libera_equipo PASSED [ 12%]
tests/funcionales/test_funcionales.py::test_CP05_RF12_consultar_prestamos_clasifica_respeta_encargado_y_no_muta PASSED [ 13%]
tests/funcionales/test_init_demo.py::test_init_demo_crea_archivos_en_datos_demo_por_defecto PASSED [ 13%]
tests/funcionales/test_init_demo.py::test_init_demo_dataset_tiene_contenido_minimo_consistente_y_usable PASSED [ 13%]
tests/funcionales/test_init_demo.py::test_init_demo_no_guarda_contrasenas_en_texto_plano_y_credenciales_permiten_login PASSED [ 14%]
tests/funcionales/test_init_demo.py::test_init_demo_es_idempotente_y_no_modifica_datos_existentes_sin_force PASSED [ 14%]
tests/funcionales/test_init_demo.py::test_init_demo_force_regenera_datos_existentes PASSED [ 15%]
tests/funcionales/test_init_demo.py::test_init_demo_force_es_reproducible_byte_a_byte_y_coincide_con_versionados PASSED [ 15%]
tests/funcionales/test_init_demo.py::test_json_reales_de_datos_demo_son_validos_y_no_exponen_contrasenas PASSED [ 15%]
tests/funcionales/test_init_demo.py::test_help_muestra_init_demo_y_no_expone_helper_publico PASSED [ 16%]
tests/funcionales/test_observabilidad.py::test_CP33_RF13_registra_evento_sin_exponer_secretos PASSED [ 16%]
tests/funcionales/test_observabilidad.py::test_CP34_RF13_sentry_sin_dsn_no_interrumpe_aplicacion PASSED [ 16%]
tests/funcionales/test_observabilidad.py::test_CP32_RF13_error_dominio_expone_datos_para_log_sin_traceback PASSED [ 17%]
tests/funcionales/test_observabilidad.py::test_sentry_no_captura_variables_locales PASSED [ 17%]
tests/integracion/test_escenario_completo.py::test_CP13_RF07_el_atraso_retiene_el_cupo_de_equipos_activos_rn16_y_rn07 PASSED [ 17%]
tests/integracion/test_escenario_completo.py::test_CP14_RF07_la_cancelacion_libera_solo_el_cupo_cancelado_rn15_y_rn07 PASSED [ 18%]
tests/integracion/test_escenario_completo.py::test_CP15_RF01_a_RF12_ciclo_completo_sobre_persistencia_real PASSED [ 18%]
tests/negativos/test_negativos.py::test_CP10_RF10_devolver_prestamo_aprobado_nunca_entregado_rechaza_por_rn14 PASSED [ 18%]
tests/negativos/test_negativos.py::test_CP11_RF08_solicitante_no_puede_aprobar_solicitud_por_rn11 PASSED [ 19%]
tests/negativos/test_negativos.py::test_CP12_RF05_fecha_termino_anterior_al_inicio_rechaza_por_rn17 PASSED [ 19%]
tests/unidad/test_auth.py::test_hash_tiene_los_cuatro_campos_del_formato PASSED [ 19%]
tests/unidad/test_auth.py::test_dos_hashes_de_la_misma_contrasena_difieren_por_la_sal PASSED [ 20%]
tests/unidad/test_auth.py::test_el_hash_no_contiene_la_contrasena PASSED [ 20%]
tests/unidad/test_auth.py::test_verificar_rechaza_la_contrasena_incorrecta PASSED [ 20%]
tests/unidad/test_auth.py::test_verificar_usa_las_iteraciones_almacenadas_y_no_la_constante PASSED [ 21%]
tests/unidad/test_auth.py::test_contrasena_vacia_o_en_blanco_es_error_de_validacion PASSED [ 21%]
tests/unidad/test_auth.py::test_iteraciones_invalidas_son_error_de_programacion PASSED [ 21%]
tests/unidad/test_auth.py::test_hash_corrupto_levanta_error_de_persistencia[no-es-un-hash] PASSED [ 22%]
tests/unidad/test_auth.py::test_hash_corrupto_levanta_error_de_persistencia[pbkdf2_sha256$1$aabb] PASSED [ 22%]
tests/unidad/test_auth.py::test_hash_corrupto_levanta_error_de_persistencia[sha256$1$aabb$ccdd] PASSED [ 22%]
tests/unidad/test_auth.py::test_hash_corrupto_levanta_error_de_persistencia[pbkdf2_sha256$muchas$aabb$ccdd] PASSED [ 23%]
tests/unidad/test_auth.py::test_hash_corrupto_levanta_error_de_persistencia[pbkdf2_sha256$0$aabb$ccdd] PASSED [ 23%]
tests/unidad/test_auth.py::test_hash_corrupto_levanta_error_de_persistencia[pbkdf2_sha256$1$zzzz$ccdd] PASSED [ 23%]
tests/unidad/test_auth.py::test_hash_corrupto_levanta_error_de_persistencia[pbkdf2_sha256$1$$ccdd] PASSED [ 24%]
tests/unidad/test_auth.py::test_credencial_truncada_es_corrupcion_y_no_contrasena_equivocada PASSED [ 24%]
tests/unidad/test_auth.py::test_una_sal_mas_larga_que_la_actual_sigue_siendo_valida PASSED [ 24%]
tests/unidad/test_auth.py::test_error_de_hash_corrupto_no_filtra_la_credencial PASSED [ 25%]
tests/unidad/test_auth.py::test_login_correcto_abre_la_sesion PASSED     [ 25%]
tests/unidad/test_auth.py::test_login_por_correo PASSED                  [ 25%]
tests/unidad/test_auth.py::test_login_ignora_mayusculas_en_id_y_en_correo[U1] PASSED [ 26%]
tests/unidad/test_auth.py::test_login_ignora_mayusculas_en_id_y_en_correo[u1] PASSED [ 26%]
tests/unidad/test_auth.py::test_login_ignora_mayusculas_en_id_y_en_correo[ANA.PEREZ@UNIVERSIDAD.CL] PASSED [ 26%]
tests/unidad/test_auth.py::test_login_ignora_mayusculas_en_id_y_en_correo[Ana.Perez@Universidad.cl] PASSED [ 27%]
tests/unidad/test_auth.py::test_la_sesion_guarda_el_id_almacenado_y_no_el_tecleado PASSED [ 27%]
tests/unidad/test_auth.py::test_usuario_inexistente_y_contrasena_mala_dan_el_mismo_mensaje PASSED [ 27%]
tests/unidad/test_auth.py::test_usuario_inactivo_tiene_mensaje_propio PASSED [ 28%]
tests/unidad/test_auth.py::test_inactivo_con_contrasena_mala_no_revela_que_esta_inactivo PASSED [ 28%]
tests/unidad/test_auth.py::test_correo_duplicado_es_error_de_persistencia PASSED [ 29%]
tests/unidad/test_auth.py::test_colision_de_mayusculas_en_el_id_es_error_de_persistencia PASSED [ 29%]
tests/unidad/test_auth.py::test_el_id_tiene_precedencia_sobre_el_correo PASSED [ 29%]
tests/unidad/test_auth.py::test_login_con_sesion_abierta_se_rechaza PASSED [ 30%]
tests/unidad/test_auth.py::test_login_fallido_no_cierra_una_sesion_abierta PASSED [ 30%]
tests/unidad/test_auth.py::test_cerrar_sesion_sin_sesion_no_falla PASSED [ 30%]
tests/unidad/test_auth.py::test_cerrar_sesion_permite_entrar_con_otro_usuario PASSED [ 31%]
tests/unidad/test_auth.py::test_requiere_sesion_sin_sesion_levanta_autenticacion PASSED [ 31%]
tests/unidad/test_auth.py::test_requiere_rol_con_rol_correcto_devuelve_el_usuario PASSED [ 31%]
tests/unidad/test_auth.py::test_requiere_rol_con_rol_incorrecto_levanta_autorizacion PASSED [ 32%]
tests/unidad/test_auth.py::test_requiere_rol_acepta_varios_roles PASSED  [ 32%]
tests/unidad/test_auth.py::test_requiere_rol_sin_argumentos_es_error_de_programacion PASSED [ 32%]
tests/unidad/test_auth.py::test_usuario_desactivado_durante_la_sesion_pierde_el_acceso PASSED [ 33%]
tests/unidad/test_auth.py::test_usuario_borrado_durante_la_sesion_pierde_el_acceso PASSED [ 33%]
tests/unidad/test_auth.py::test_cambio_de_rol_en_disco_se_respeta_de_inmediato PASSED [ 33%]
tests/unidad/test_auth.py::test_login_exitoso_queda_registrado PASSED    [ 34%]
tests/unidad/test_auth.py::test_intento_fallido_queda_registrado_con_el_identificador PASSED [ 34%]
tests/unidad/test_auth.py::test_la_contrasena_nunca_llega_al_log PASSED  [ 34%]
tests/unidad/test_auth.py::test_el_correo_no_llega_al_log_cuando_el_usuario_existe PASSED [ 35%]
tests/unidad/test_auth.py::test_logout_y_denegacion_quedan_registrados PASSED [ 35%]
tests/unidad/test_auth.py::test_autorizacion_exitosa_no_genera_evento PASSED [ 35%]
tests/unidad/test_json_repo.py::test_directorio_datos_usa_default_sin_variable PASSED [ 36%]
tests/unidad/test_json_repo.py::test_directorio_datos_respeta_variable_de_entorno PASSED [ 36%]
tests/unidad/test_json_repo.py::test_listar_archivo_inexistente_devuelve_vacio PASSED [ 36%]
tests/unidad/test_json_repo.py::test_listar_no_crea_el_archivo PASSED    [ 37%]
tests/unidad/test_json_repo.py::test_guardar_crea_directorio_y_archivo PASSED [ 37%]
tests/unidad/test_json_repo.py::test_round_trip_usuario PASSED           [ 37%]
tests/unidad/test_json_repo.py::test_round_trip_equipo_usa_codigo_como_id PASSED [ 38%]
tests/unidad/test_json_repo.py::test_round_trip_prestamo_conserva_fechas_enums_y_tupla PASSED [ 38%]
tests/unidad/test_json_repo.py::test_guardar_devuelve_la_entidad PASSED  [ 38%]
tests/unidad/test_json_repo.py::test_guardar_agrega_al_final_preservando_orden PASSED [ 39%]
tests/unidad/test_json_repo.py::test_guardar_id_existente_reemplaza_en_su_posicion PASSED [ 39%]
tests/unidad/test_json_repo.py::test_buscar_inexistente_devuelve_none PASSED [ 39%]
tests/unidad/test_json_repo.py::test_obtener_inexistente_levanta_recurso_no_encontrado PASSED [ 40%]
tests/unidad/test_json_repo.py::test_eliminar_quita_solo_ese_registro PASSED [ 40%]
tests/unidad/test_json_repo.py::test_eliminar_inexistente_levanta_recurso_no_encontrado PASSED [ 40%]
tests/unidad/test_json_repo.py::test_json_malformado_levanta_error_de_dominio PASSED [ 41%]
tests/unidad/test_json_repo.py::test_error_de_persistencia_no_filtra_el_contenido_del_archivo PASSED [ 41%]
tests/unidad/test_json_repo.py::test_raiz_que_no_es_lista_levanta_error_de_persistencia PASSED [ 41%]
tests/unidad/test_json_repo.py::test_registro_invalido_para_el_modelo_levanta_error_de_validacion PASSED [ 42%]
tests/unidad/test_json_repo.py::test_no_deja_archivos_temporales PASSED  [ 42%]
tests/unidad/test_json_repo.py::test_archivo_no_contiene_crlf PASSED     [ 43%]
tests/unidad/test_json_repo.py::test_archivo_es_legible_con_tildes PASSED [ 43%]
tests/unidad/test_json_repo.py::test_guardar_sobre_archivo_existente_lo_reemplaza PASSED [ 43%]
tests/unidad/test_reglas.py::test_tabla_contiene_las_nueve_transiciones_documentadas PASSED [ 44%]
tests/unidad/test_reglas.py::test_transiciones_t01_a_t09_tienen_casos_exitosos PASSED [ 44%]
tests/unidad/test_reglas.py::test_validar_transicion_no_depende_de_auth_py PASSED [ 44%]
tests/unidad/test_reglas.py::test_crear_solicitud_valida_estado_rol_fechas_equipos_y_limite PASSED [ 45%]
tests/unidad/test_reglas.py::test_crear_solicitud_rechaza_equipo_no_disponible_con_rn05 PASSED [ 45%]
tests/unidad/test_reglas.py::test_crear_solicitud_rechaza_mas_de_tres_equipos_activos_con_rn07 PASSED [ 45%]
tests/unidad/test_reglas.py::test_crear_solicitud_rechaza_duracion_mayor_a_cinco_habiles_con_rn08 PASSED [ 46%]
tests/unidad/test_reglas.py::test_crear_solicitud_rechaza_inicio_fuera_de_ventana_con_rn09 PASSED [ 46%]
tests/unidad/test_reglas.py::test_aprobar_revalida_disponibilidad_y_solapamiento_con_rn10 PASSED [ 46%]
tests/unidad/test_reglas.py::test_aprobar_rechaza_usuario_sin_rol_encargado_con_rn11 PASSED [ 47%]
tests/unidad/test_reglas.py::test_aprobar_estado_no_solicitado_falla_con_rn12 PASSED [ 47%]
tests/unidad/test_reglas.py::test_rechazar_exige_motivo_con_rn17 PASSED  [ 47%]
tests/unidad/test_reglas.py::test_cancelar_permite_solicitante_dueno_y_bloquea_terceros_con_rn15 PASSED [ 48%]
tests/unidad/test_reglas.py::test_cancelar_por_encargado_exige_motivo_con_rn15 PASSED [ 48%]
tests/unidad/test_reglas.py::test_entrega_exige_aprobada_y_fecha_no_anterior_a_aprobacion_con_rn13 PASSED [ 48%]
tests/unidad/test_reglas.py::test_devolucion_exige_estado_y_todos_los_equipos_con_rn14 PASSED [ 49%]
tests/unidad/test_reglas.py::test_cancelar_entregada_no_esta_permitido_con_rn15 PASSED [ 49%]
tests/unidad/test_reglas.py::test_marcar_atraso_solo_despues_del_dia_de_termino_con_rn16 PASSED [ 49%]
tests/unidad/test_reglas.py::test_usuario_inactivo_no_puede_operar_con_rn02 PASSED [ 50%]
tests/unidad/test_reglas.py::test_equipo_atrasado_bloquea_disponibilidad_sin_importar_el_rango PASSED [ 50%]
tests/unidad/test_reglas.py::test_solapamiento_es_inclusivo PASSED       [ 50%]
tests/unidad/test_reglas.py::test_validar_transicion_no_muta_el_prestamo PASSED [ 51%]
tests/unidad/test_reglas.py::test_crear_y_aprobar_exigen_contexto_para_guardas_de_disponibilidad PASSED [ 51%]
tests/unidad/test_reglas.py::test_entrega_y_devolucion_exigen_contexto_para_guardas_propias PASSED [ 51%]
tests/unidad/test_reglas.py::test_una_reserva_solo_bloquea_su_propia_ventana[inicio0-termino0-True] PASSED [ 52%]
tests/unidad/test_reglas.py::test_una_reserva_solo_bloquea_su_propia_ventana[inicio1-termino1-False] PASSED [ 52%]
tests/unidad/test_reglas.py::test_una_reserva_solo_bloquea_su_propia_ventana[inicio2-termino2-True] PASSED [ 52%]
tests/unidad/test_reglas.py::test_equipo_prestado_admite_una_reserva_futura_sin_solapamiento PASSED [ 53%]
tests/unidad/test_reglas.py::test_mantencion_y_baja_siguen_bloqueando_por_si_solas_con_rn05[MANTENCION] PASSED [ 53%]
tests/unidad/test_reglas.py::test_mantencion_y_baja_siguen_bloqueando_por_si_solas_con_rn05[BAJA] PASSED [ 53%]
tests/unidad/test_reglas.py::test_estado_por_compromiso_conserva_los_estados_administrativos PASSED [ 54%]
tests/unidad/test_reglas.py::test_estado_por_compromiso_la_custodia_manda_sobre_la_reserva PASSED [ 54%]
tests/unidad/test_reglas.py::test_estado_por_compromiso_ignora_las_reservas_vencidas PASSED [ 54%]
tests/unidad/test_reglas.py::test_estado_por_compromiso_prefiere_el_prestamo_actual_al_persistido PASSED [ 55%]
tests/unidad/test_reglas.py::test_estado_por_compromiso_compara_codigos_sin_distinguir_mayusculas PASSED [ 55%]
tests/unidad/test_reglas.py::test_nadie_aprueba_su_propia_solicitud_con_rn22 PASSED [ 55%]
tests/unidad/test_reglas.py::test_otro_encargado_si_puede_aprobar_la_solicitud PASSED [ 56%]
tests/unidad/test_reglas.py::test_rechazar_la_propia_solicitud_sigue_permitido PASSED [ 56%]
tests/unidad/test_reglas.py::test_rn22_ignora_espacios_alrededor_del_identificador PASSED [ 56%]
tests/unidad/test_servicio_equipos.py::test_alta_deja_el_equipo_disponible PASSED [ 57%]
tests/unidad/test_servicio_equipos.py::test_alta_sin_sesion_es_rechazada PASSED [ 57%]
tests/unidad/test_servicio_equipos.py::test_alta_por_solicitante_es_rechazada PASSED [ 58%]
tests/unidad/test_servicio_equipos.py::test_alta_rechaza_codigo_repetido PASSED [ 58%]
tests/unidad/test_servicio_equipos.py::test_alta_rechaza_codigo_que_solo_difiere_en_mayusculas PASSED [ 58%]
tests/unidad/test_servicio_equipos.py::test_no_se_reutiliza_el_codigo_de_un_equipo_dado_de_baja PASSED [ 59%]
tests/unidad/test_servicio_equipos.py::test_alta_rechaza_un_codigo_que_solo_difiere_en_espacios PASSED [ 59%]
tests/unidad/test_servicio_equipos.py::test_alta_recorta_los_espacios_del_codigo PASSED [ 59%]
tests/unidad/test_servicio_equipos.py::test_edicion_actualiza_los_datos_descriptivos PASSED [ 60%]
tests/unidad/test_servicio_equipos.py::test_edicion_no_puede_cambiar_el_estado PASSED [ 60%]
tests/unidad/test_servicio_equipos.py::test_edicion_de_equipo_inexistente_levanta_no_encontrado PASSED [ 60%]
tests/unidad/test_servicio_equipos.py::test_baja_sin_prestamos_deja_el_equipo_en_baja PASSED [ 61%]
tests/unidad/test_servicio_equipos.py::test_baja_rechazada_por_prestamo_aprobado_aunque_el_equipo_este_disponible PASSED [ 61%]
tests/unidad/test_servicio_equipos.py::test_baja_rechazada_por_prestamo_comprometido[APROBADA] PASSED [ 61%]
tests/unidad/test_servicio_equipos.py::test_baja_rechazada_por_prestamo_comprometido[ENTREGADA] PASSED [ 62%]
tests/unidad/test_servicio_equipos.py::test_baja_rechazada_por_prestamo_comprometido[ATRASADA] PASSED [ 62%]
tests/unidad/test_servicio_equipos.py::test_una_solicitud_sin_aprobar_no_bloquea_la_baja PASSED [ 62%]
tests/unidad/test_servicio_equipos.py::test_un_prestamo_terminado_no_bloquea_la_baja[DEVUELTA] PASSED [ 63%]
tests/unidad/test_servicio_equipos.py::test_un_prestamo_terminado_no_bloquea_la_baja[CANCELADA] PASSED [ 63%]
tests/unidad/test_servicio_equipos.py::test_un_prestamo_terminado_no_bloquea_la_baja[RECHAZADA] PASSED [ 63%]
tests/unidad/test_servicio_equipos.py::test_un_prestamo_de_otro_equipo_no_bloquea_la_baja PASSED [ 64%]
tests/unidad/test_servicio_equipos.py::test_baja_rechazada_por_prestamo_con_el_codigo_en_otras_mayusculas PASSED [ 64%]
tests/unidad/test_servicio_equipos.py::test_mantencion_usa_la_misma_guarda_que_la_baja PASSED [ 64%]
tests/unidad/test_servicio_equipos.py::test_mantencion_sin_prestamos_activos PASSED [ 65%]
tests/unidad/test_servicio_equipos.py::test_la_baja_es_reversible PASSED [ 65%]
tests/unidad/test_servicio_equipos.py::test_se_reactiva_desde_mantencion PASSED [ 65%]
tests/unidad/test_servicio_equipos.py::test_no_se_reactiva_un_equipo_prestado PASSED [ 66%]
tests/unidad/test_servicio_equipos.py::test_reactivar_un_equipo_disponible_es_idempotente PASSED [ 66%]
tests/unidad/test_servicio_equipos.py::test_una_baja_repetida_deja_evidencia_en_el_log PASSED [ 66%]
tests/unidad/test_servicio_equipos.py::test_una_reactivacion_redundante_deja_evidencia_en_el_log PASSED [ 67%]
tests/unidad/test_servicio_equipos.py::test_listado_incluye_dados_de_baja_por_defecto PASSED [ 67%]
tests/unidad/test_servicio_equipos.py::test_listado_puede_omitir_los_dados_de_baja PASSED [ 67%]
tests/unidad/test_servicio_equipos.py::test_un_solicitante_puede_ver_el_catalogo PASSED [ 68%]
tests/unidad/test_servicio_equipos.py::test_el_catalogo_exige_sesion PASSED [ 68%]
tests/unidad/test_servicio_equipos.py::test_la_baja_registra_evento PASSED [ 68%]
tests/unidad/test_servicio_equipos.py::test_el_rechazo_por_prestamo_activo_registra_evento PASSED [ 69%]
tests/unidad/test_servicio_prestamos.py::test_registrar_entrega_actualiza_estado_fecha_y_equipo PASSED [ 69%]
tests/unidad/test_servicio_prestamos.py::test_entrega_solo_desde_aprobada_y_por_encargado PASSED [ 69%]
tests/unidad/test_servicio_prestamos.py::test_entrega_rechaza_equipo_prestado_fisicamente PASSED [ 70%]
tests/unidad/test_servicio_prestamos.py::test_devolucion_en_plazo_registra_fecha_y_libera_equipo PASSED [ 70%]
tests/unidad/test_servicio_prestamos.py::test_devolucion_atrasada_marca_atraso_y_luego_cierra PASSED [ 70%]
tests/unidad/test_servicio_prestamos.py::test_devolucion_invalida_no_persiste_atraso_intermedio PASSED [ 71%]
tests/unidad/test_servicio_prestamos.py::test_devolucion_desde_atrasada_usa_t09 PASSED [ 71%]
tests/unidad/test_servicio_prestamos.py::test_devolucion_no_cierra_si_no_puede_liberar_equipo PASSED [ 72%]
tests/unidad/test_servicio_prestamos.py::test_cancelacion_solicitada_registra_motivo PASSED [ 72%]
tests/unidad/test_servicio_prestamos.py::test_cancelacion_aprobada_no_persiste_si_no_puede_liberar_equipo PASSED [ 72%]
tests/unidad/test_servicio_prestamos.py::test_cancelacion_aprobada_por_encargado_libera_reserva PASSED [ 73%]
tests/unidad/test_servicio_prestamos.py::test_cancelacion_exige_motivo_desde_el_motor_y_solo_antes_de_entrega PASSED [ 73%]
tests/unidad/test_servicio_prestamos.py::test_marcar_atraso_persistente PASSED [ 73%]
tests/unidad/test_servicio_prestamos.py::test_toda_operacion_pasa_por_motor_de_reglas PASSED [ 74%]
tests/unidad/test_servicio_prestamos.py::test_consultas_clasifican_futuros_vigentes_y_atrasados_con_limites_de_fecha PASSED [ 74%]
tests/unidad/test_servicio_prestamos.py::test_encargado_ve_todos_los_prestamos_en_consultas PASSED [ 74%]
tests/unidad/test_servicio_prestamos.py::test_consultas_aplican_filtros_por_usuario_y_equipo_para_encargado PASSED [ 75%]
tests/unidad/test_servicio_prestamos.py::test_solicitante_solo_consulta_prestamos_propios PASSED [ 75%]
tests/unidad/test_servicio_prestamos.py::test_consultas_validan_usuario_inactivo_o_ausente_y_filtros_vacios PASSED [ 75%]
tests/unidad/test_servicio_prestamos.py::test_consultas_no_modifican_ni_persisten_estados PASSED [ 76%]
tests/unidad/test_servicio_prestamos.py::test_cancelar_no_libera_el_equipo_si_queda_otra_reserva_viva PASSED [ 76%]
tests/unidad/test_servicio_prestamos.py::test_devolver_deja_el_equipo_reservado_si_hay_una_reserva_pendiente PASSED [ 76%]
tests/unidad/test_servicio_prestamos.py::test_cancelar_una_reserva_futura_no_devuelve_al_estante_lo_que_esta_prestado PASSED [ 77%]
tests/unidad/test_servicio_prestamos.py::test_la_devolucion_no_resucita_un_equipo_en_mantencion_o_de_baja[MANTENCION] PASSED [ 77%]
tests/unidad/test_servicio_prestamos.py::test_la_devolucion_no_resucita_un_equipo_en_mantencion_o_de_baja[BAJA] PASSED [ 77%]
tests/unidad/test_servicio_prestamos.py::test_una_reserva_vencida_deja_de_retener_el_equipo PASSED [ 78%]
tests/unidad/test_servicio_prestamos.py::test_se_entrega_un_equipo_reservado_por_otra_ventana PASSED [ 78%]
tests/unidad/test_servicio_solicitudes.py::test_solicitante_crea_una_solicitud_con_equipo_y_rango_de_fechas PASSED [ 78%]
tests/unidad/test_servicio_solicitudes.py::test_los_identificadores_son_secuenciales_y_no_reutilizan_los_libres PASSED [ 79%]
tests/unidad/test_servicio_solicitudes.py::test_el_encargado_no_puede_crear_solicitudes PASSED [ 79%]
tests/unidad/test_servicio_solicitudes.py::test_crear_no_persiste_si_el_equipo_no_existe PASSED [ 79%]
tests/unidad/test_servicio_solicitudes.py::test_crear_aplica_el_plazo_maximo_y_el_limite_de_equipos PASSED [ 80%]
tests/unidad/test_servicio_solicitudes.py::test_el_encargado_aprueba_y_el_equipo_queda_reservado PASSED [ 80%]
tests/unidad/test_servicio_solicitudes.py::test_el_solicitante_no_puede_aprobar PASSED [ 80%]
tests/unidad/test_servicio_solicitudes.py::test_nadie_aprueba_su_propia_solicitud PASSED [ 81%]
tests/unidad/test_servicio_solicitudes.py::test_solo_se_aprueba_desde_solicitada PASSED [ 81%]
tests/unidad/test_servicio_solicitudes.py::test_aprobar_no_persiste_si_el_solicitante_fue_dado_de_baja PASSED [ 81%]
tests/unidad/test_servicio_solicitudes.py::test_el_encargado_rechaza_y_el_motivo_queda_registrado PASSED [ 82%]
tests/unidad/test_servicio_solicitudes.py::test_el_rechazo_exige_motivo[] PASSED [ 82%]
tests/unidad/test_servicio_solicitudes.py::test_el_rechazo_exige_motivo[   ] PASSED [ 82%]
tests/unidad/test_servicio_solicitudes.py::test_un_equipo_reservado_admite_una_ventana_que_no_solapa PASSED [ 83%]
tests/unidad/test_servicio_solicitudes.py::test_un_equipo_reservado_rechaza_la_ventana_que_solapa PASSED [ 83%]
tests/unidad/test_servicio_solicitudes.py::test_las_tres_operaciones_quedan_en_el_log_con_su_resultado PASSED [ 83%]
tests/unidad/test_servicio_solicitudes.py::test_el_log_no_incluye_el_hash_de_la_contrasena PASSED [ 84%]
tests/unidad/test_servicio_usuarios.py::test_alta_crea_usuario_activo_con_credencial_verificable PASSED [ 84%]
tests/unidad/test_servicio_usuarios.py::test_alta_sin_sesion_es_rechazada PASSED [ 84%]
tests/unidad/test_servicio_usuarios.py::test_alta_por_solicitante_es_rechazada PASSED [ 85%]
tests/unidad/test_servicio_usuarios.py::test_alta_rechaza_id_repetido PASSED [ 85%]
tests/unidad/test_servicio_usuarios.py::test_alta_rechaza_id_que_solo_difiere_en_mayusculas PASSED [ 86%]
tests/unidad/test_servicio_usuarios.py::test_alta_rechaza_correo_repetido_ignorando_mayusculas PASSED [ 86%]
tests/unidad/test_servicio_usuarios.py::test_alta_rechaza_el_correo_del_encargado_inicial PASSED [ 86%]
tests/unidad/test_servicio_usuarios.py::test_alta_rechaza_correos_mal_formados[sin-arroba] PASSED [ 87%]
tests/unidad/test_servicio_usuarios.py::test_alta_rechaza_correos_mal_formados[dos@@arrobas] PASSED [ 87%]
tests/unidad/test_servicio_usuarios.py::test_alta_rechaza_correos_mal_formados[con espacio@universidad.cl] PASSED [ 87%]
tests/unidad/test_servicio_usuarios.py::test_alta_rechaza_correos_mal_formados[@universidad.cl] PASSED [ 88%]
tests/unidad/test_servicio_usuarios.py::test_alta_rechaza_correos_mal_formados[ana@] PASSED [ 88%]
tests/unidad/test_servicio_usuarios.py::test_alta_rechaza_campos_obligatorios_vacios PASSED [ 88%]
tests/unidad/test_servicio_usuarios.py::test_alta_recorta_los_espacios_del_id_y_del_correo PASSED [ 89%]
tests/unidad/test_servicio_usuarios.py::test_un_correo_con_espacios_no_deja_al_usuario_fuera PASSED [ 89%]
tests/unidad/test_servicio_usuarios.py::test_alta_rechaza_un_id_que_solo_difiere_en_espacios PASSED [ 89%]
tests/unidad/test_servicio_usuarios.py::test_alta_rechaza_un_correo_que_solo_difiere_en_espacios PASSED [ 90%]
tests/unidad/test_servicio_usuarios.py::test_el_encargado_inicial_tambien_recorta_espacios PASSED [ 90%]
tests/unidad/test_servicio_usuarios.py::test_edicion_actualiza_nombre_y_correo PASSED [ 90%]
tests/unidad/test_servicio_usuarios.py::test_edicion_de_solo_el_nombre_no_choca_con_el_propio_correo PASSED [ 91%]
tests/unidad/test_servicio_usuarios.py::test_edicion_acepta_reenviar_el_mismo_correo PASSED [ 91%]
tests/unidad/test_servicio_usuarios.py::test_edicion_rechaza_el_correo_de_otro_usuario PASSED [ 91%]
tests/unidad/test_servicio_usuarios.py::test_tras_editar_el_correo_se_inicia_sesion_con_el_nuevo PASSED [ 92%]
tests/unidad/test_servicio_usuarios.py::test_tras_editar_el_correo_el_anterior_deja_de_servir PASSED [ 92%]
tests/unidad/test_servicio_usuarios.py::test_edicion_de_usuario_inexistente_levanta_no_encontrado PASSED [ 92%]
tests/unidad/test_servicio_usuarios.py::test_desactivar_impide_iniciar_sesion PASSED [ 93%]
tests/unidad/test_servicio_usuarios.py::test_desactivar_conserva_el_registro PASSED [ 93%]
tests/unidad/test_servicio_usuarios.py::test_reactivar_devuelve_el_acceso PASSED [ 93%]
tests/unidad/test_servicio_usuarios.py::test_desactivar_es_idempotente PASSED [ 94%]
tests/unidad/test_servicio_usuarios.py::test_una_baja_repetida_deja_evidencia_en_el_log PASSED [ 94%]
tests/unidad/test_servicio_usuarios.py::test_una_reactivacion_redundante_deja_evidencia_en_el_log PASSED [ 94%]
tests/unidad/test_servicio_usuarios.py::test_no_se_puede_desactivar_al_unico_encargado PASSED [ 95%]
tests/unidad/test_servicio_usuarios.py::test_no_se_puede_degradar_al_unico_encargado PASSED [ 95%]
tests/unidad/test_servicio_usuarios.py::test_se_puede_desactivar_un_encargado_si_queda_otro_activo PASSED [ 95%]
tests/unidad/test_servicio_usuarios.py::test_un_encargado_inactivo_no_cuenta_como_relevo PASSED [ 96%]
tests/unidad/test_servicio_usuarios.py::test_cambiar_contrasena_permite_entrar_con_la_nueva PASSED [ 96%]
tests/unidad/test_servicio_usuarios.py::test_cambiar_contrasena_rechaza_la_vieja PASSED [ 96%]
tests/unidad/test_servicio_usuarios.py::test_listado_incluye_inactivos_por_defecto PASSED [ 97%]
tests/unidad/test_servicio_usuarios.py::test_listado_puede_omitir_inactivos PASSED [ 97%]
tests/unidad/test_servicio_usuarios.py::test_listado_exige_rol_encargado PASSED [ 97%]
tests/unidad/test_servicio_usuarios.py::test_encargado_inicial_se_crea_sobre_padron_vacio PASSED [ 98%]
tests/unidad/test_servicio_usuarios.py::test_encargado_inicial_se_niega_si_ya_hay_usuarios PASSED [ 98%]
tests/unidad/test_servicio_usuarios.py::test_encargado_inicial_valida_el_correo PASSED [ 98%]
tests/unidad/test_servicio_usuarios.py::test_el_alta_registra_evento PASSED [ 99%]
tests/unidad/test_servicio_usuarios.py::test_el_rechazo_por_duplicado_tambien_registra_evento PASSED [ 99%]
tests/unidad/test_servicio_usuarios.py::test_los_eventos_nunca_contienen_la_contrasena PASSED [100%]

============================= 293 passed in 21.23s =============================
